2022-05-05 10:35:14 [scrapy.utils.log] INFO: Scrapy 2.6.1 started (bot: wikiSpider)
2022-05-05 10:35:14 [scrapy.utils.log] INFO: Versions: lxml 4.6.3.0, libxml2 2.9.5, cssselect 1.0.3, parsel 1.6.0, w3lib 1.19.0, Twisted 20.3.0, Python 3.7.8 (tags/v3.7.8:4b47a5b6ba, Jun 28 2020, 08:53:46) [MSC v.1916 64 bit (AMD64)], pyOpenSSL 22.0.0 (OpenSSL 3.0.3 3 May 2022), cryptography 37.0.2, Platform Windows-10-10.0.17763-SP0
2022-05-05 10:35:14 [scrapy.crawler] INFO: Overridden settings:
{'BOT_NAME': 'wikiSpider',
 'LOG_FILE': 'wiki.log',
 'NEWSPIDER_MODULE': 'wikiSpider.spiders',
 'ROBOTSTXT_OBEY': True,
 'SPIDER_MODULES': ['wikiSpider.spiders']}
2022-05-05 10:35:14 [scrapy.utils.log] DEBUG: Using reactor: twisted.internet.selectreactor.SelectReactor
2022-05-05 10:35:14 [scrapy.extensions.telnet] INFO: Telnet Password: 2a0767f18bdee532
2022-05-05 10:35:14 [scrapy.middleware] INFO: Enabled extensions:
['scrapy.extensions.corestats.CoreStats',
 'scrapy.extensions.telnet.TelnetConsole',
 'scrapy.extensions.logstats.LogStats']
2022-05-05 10:35:14 [scrapy.middleware] INFO: Enabled downloader middlewares:
['scrapy.downloadermiddlewares.robotstxt.RobotsTxtMiddleware',
 'scrapy.downloadermiddlewares.httpauth.HttpAuthMiddleware',
 'scrapy.downloadermiddlewares.downloadtimeout.DownloadTimeoutMiddleware',
 'scrapy.downloadermiddlewares.defaultheaders.DefaultHeadersMiddleware',
 'scrapy.downloadermiddlewares.useragent.UserAgentMiddleware',
 'scrapy.downloadermiddlewares.retry.RetryMiddleware',
 'scrapy.downloadermiddlewares.redirect.MetaRefreshMiddleware',
 'scrapy.downloadermiddlewares.httpcompression.HttpCompressionMiddleware',
 'scrapy.downloadermiddlewares.redirect.RedirectMiddleware',
 'scrapy.downloadermiddlewares.cookies.CookiesMiddleware',
 'scrapy.downloadermiddlewares.httpproxy.HttpProxyMiddleware',
 'scrapy.downloadermiddlewares.stats.DownloaderStats']
2022-05-05 10:35:14 [scrapy.middleware] INFO: Enabled spider middlewares:
['scrapy.spidermiddlewares.httperror.HttpErrorMiddleware',
 'scrapy.spidermiddlewares.offsite.OffsiteMiddleware',
 'scrapy.spidermiddlewares.referer.RefererMiddleware',
 'scrapy.spidermiddlewares.urllength.UrlLengthMiddleware',
 'scrapy.spidermiddlewares.depth.DepthMiddleware']
2022-05-05 10:35:14 [scrapy.middleware] INFO: Enabled item pipelines:
[]
2022-05-05 10:35:14 [scrapy.core.engine] INFO: Spider opened
2022-05-05 10:35:15 [scrapy.extensions.logstats] INFO: Crawled 0 pages (at 0 pages/min), scraped 0 items (at 0 items/min)
2022-05-05 10:35:15 [scrapy.extensions.telnet] INFO: Telnet console listening on 127.0.0.1:6023
2022-05-05 10:35:16 [filelock] DEBUG: Attempting to acquire lock 2468081391176 on C:\Users\LITIAN\.cache\python-tldextract\3.7.8.final__python3.78__aa0934__tldextract-3.2.1\publicsuffix.org-tlds\de84b5ca2167d4c83e38fb162f2e8738.tldextract.json.lock
2022-05-05 10:35:16 [filelock] INFO: Lock 2468081391176 acquired on C:\Users\LITIAN\.cache\python-tldextract\3.7.8.final__python3.78__aa0934__tldextract-3.2.1\publicsuffix.org-tlds\de84b5ca2167d4c83e38fb162f2e8738.tldextract.json.lock
2022-05-05 10:35:16 [filelock] DEBUG: Attempting to release lock 2468081391176 on C:\Users\LITIAN\.cache\python-tldextract\3.7.8.final__python3.78__aa0934__tldextract-3.2.1\publicsuffix.org-tlds\de84b5ca2167d4c83e38fb162f2e8738.tldextract.json.lock
2022-05-05 10:35:16 [filelock] INFO: Lock 2468081391176 released on C:\Users\LITIAN\.cache\python-tldextract\3.7.8.final__python3.78__aa0934__tldextract-3.2.1\publicsuffix.org-tlds\de84b5ca2167d4c83e38fb162f2e8738.tldextract.json.lock
2022-05-05 10:35:16 [scrapy.core.engine] DEBUG: Crawled (200) <GET https://en.wikipedia.beta.wmflabs.org/robots.txt> (referer: None)
2022-05-05 10:35:16 [scrapy.core.engine] DEBUG: Crawled (200) <GET https://en.wikipedia.beta.wmflabs.org/wiki/Main_Page> (referer: None)
2022-05-05 10:35:16 [scrapy.core.scraper] DEBUG: Scraped from <200 https://en.wikipedia.beta.wmflabs.org/wiki/Main_Page>
{'title': 'Main Page'}
2022-05-05 10:35:17 [scrapy.core.engine] DEBUG: Crawled (404) <GET https://en.wikipedia.beta.wmflabs.org/wiki/Python_%28programming_language%29> (referer: None)
2022-05-05 10:35:17 [scrapy.spidermiddlewares.httperror] INFO: Ignoring response <404 https://en.wikipedia.beta.wmflabs.org/wiki/Python_%28programming_language%29>: HTTP status code is not handled or not allowed
2022-05-05 10:35:17 [scrapy.core.engine] INFO: Closing spider (finished)
2022-05-05 10:35:17 [scrapy.statscollectors] INFO: Dumping Scrapy stats:
{'downloader/request_bytes': 955,
 'downloader/request_count': 3,
 'downloader/request_method_count/GET': 3,
 'downloader/response_bytes': 37055,
 'downloader/response_count': 3,
 'downloader/response_status_count/200': 2,
 'downloader/response_status_count/404': 1,
 'elapsed_time_seconds': 2.697002,
 'finish_reason': 'finished',
 'finish_time': datetime.datetime(2022, 5, 5, 2, 35, 17, 721947),
 'httpcompression/response_bytes': 115616,
 'httpcompression/response_count': 3,
 'httperror/response_ignored_count': 1,
 'httperror/response_ignored_status_count/404': 1,
 'item_scraped_count': 1,
 'log_count/DEBUG': 7,
 'log_count/INFO': 13,
 'response_received_count': 3,
 'robotstxt/request_count': 1,
 'robotstxt/response_count': 1,
 'robotstxt/response_status_count/200': 1,
 'scheduler/dequeued': 2,
 'scheduler/dequeued/memory': 2,
 'scheduler/enqueued': 2,
 'scheduler/enqueued/memory': 2,
 'start_time': datetime.datetime(2022, 5, 5, 2, 35, 15, 24945)}
2022-05-05 10:35:17 [scrapy.core.engine] INFO: Spider closed (finished)
